2023-09-21 15:00:30.380 [info] Log level: Info
2023-09-21 15:00:30.381 [info] Validating found git in: "git"
2023-09-21 15:00:30.381 [info] Using git "2.34.1" from "git"
2023-09-21 15:00:43.399 [info] Log level: Info
2023-09-21 15:00:43.403 [info] Validating found git in: "git"
2023-09-21 15:00:43.404 [info] Using git "2.34.1" from "git"
2023-09-21 15:00:43.422 [info] > git rev-parse --show-toplevel [44ms]
2023-09-21 15:00:43.488 [info] > git rev-parse --git-dir --git-common-dir [40ms]
2023-09-21 15:00:43.510 [info] Open repository: /home/user/webpages_tech/about-me-lab
2023-09-21 15:00:43.551 [info] > git config --get commit.template [19ms]
2023-09-21 15:00:43.566 [info] > git rev-parse --show-toplevel [20ms]
2023-09-21 15:00:43.630 [info] > git for-each-ref --format=%(refname)%00%(upstream:short)%00%(objectname)%00%(upstream:track)%00%(upstream:remotename)%00%(upstream:remoteref) refs/heads/main refs/remotes/main [66ms]
2023-09-21 15:00:43.764 [info] > git status -z -uall [89ms]
2023-09-21 15:00:43.847 [info] > git rev-parse --show-toplevel [258ms]
2023-09-21 15:00:44.007 [info] > git config --get commit.template [20ms]
2023-09-21 15:00:44.023 [info] > git for-each-ref --format=%(refname)%00%(upstream:short)%00%(objectname)%00%(upstream:track)%00%(upstream:remotename)%00%(upstream:remoteref) refs/heads/main refs/remotes/main [4ms]
2023-09-21 15:00:44.044 [info] > git status -z -uall [8ms]
2023-09-21 15:00:44.207 [info] > git check-ignore -v -z --stdin [3ms]
2023-09-21 15:00:44.431 [info] > git show --textconv :index.html [26ms]
2023-09-21 15:00:44.452 [info] > git ls-files --stage -- /home/user/webpages_tech/about-me-lab/index.html [21ms]
2023-09-21 15:00:44.473 [info] > git cat-file -s e478cd8a91ca792aed2c8beb410d3d39ddcdbbad [7ms]
2023-09-21 15:00:50.669 [info] > git config --get commit.template [11ms]
2023-09-21 15:00:50.673 [info] > git for-each-ref --format=%(refname)%00%(upstream:short)%00%(objectname)%00%(upstream:track)%00%(upstream:remotename)%00%(upstream:remoteref) refs/heads/main refs/remotes/main [5ms]
2023-09-21 15:00:50.684 [info] > git status -z -uall [4ms]
2023-09-21 15:00:58.664 [info] > git config --get commit.template [10ms]
2023-09-21 15:00:58.668 [info] > git for-each-ref --format=%(refname)%00%(upstream:short)%00%(objectname)%00%(upstream:track)%00%(upstream:remotename)%00%(upstream:remoteref) refs/heads/main refs/remotes/main [4ms]
2023-09-21 15:00:58.682 [info] > git status -z -uall [6ms]
2023-09-21 15:01:03.720 [info] > git config --get commit.template [1ms]
2023-09-21 15:01:03.756 [info] > git for-each-ref --format=%(refname)%00%(upstream:short)%00%(objectname)%00%(upstream:track)%00%(upstream:remotename)%00%(upstream:remoteref) refs/heads/main refs/remotes/main [4ms]
2023-09-21 15:01:03.790 [info] > git status -z -uall [8ms]
2023-09-21 15:01:12.965 [info] > git show --textconv :script.js [356ms]
2023-09-21 15:01:12.975 [info] > git ls-files --stage -- /home/user/webpages_tech/about-me-lab/script.js [354ms]
2023-09-21 15:01:13.033 [info] > git cat-file -s 3eb18961c6a73882d4105d07584b1d0a7a72c2c6 [41ms]
2023-09-21 15:01:14.887 [info] > git config --get commit.template [24ms]
2023-09-21 15:01:14.913 [info] > git for-each-ref --format=%(refname)%00%(upstream:short)%00%(objectname)%00%(upstream:track)%00%(upstream:remotename)%00%(upstream:remoteref) refs/heads/main refs/remotes/main [8ms]
2023-09-21 15:01:15.209 [info] > git status -z -uall [226ms]
2023-09-21 15:01:17.464 [info] > git show --textconv :knowledge.js [48ms]
2023-09-21 15:01:17.519 [info] > git ls-files --stage -- /home/user/webpages_tech/about-me-lab/knowledge.js [83ms]
2023-09-21 15:01:17.622 [info] > git cat-file -s 5638b592003a710e6717be81c0fd97a77f262273 [34ms]
2023-09-21 15:01:20.295 [info] > git config --get commit.template [12ms]
2023-09-21 15:01:20.299 [info] > git for-each-ref --format=%(refname)%00%(upstream:short)%00%(objectname)%00%(upstream:track)%00%(upstream:remotename)%00%(upstream:remoteref) refs/heads/main refs/remotes/main [5ms]
2023-09-21 15:01:20.314 [info] > git status -z -uall [6ms]
2023-09-21 15:01:25.348 [info] > git config --get commit.template [12ms]
2023-09-21 15:01:25.355 [info] > git for-each-ref --format=%(refname)%00%(upstream:short)%00%(objectname)%00%(upstream:track)%00%(upstream:remotename)%00%(upstream:remoteref) refs/heads/main refs/remotes/main [8ms]
2023-09-21 15:01:25.396 [info] > git status -z -uall [29ms]
2023-09-21 15:01:28.652 [info] > git show --textconv :script.js [29ms]
2023-09-21 15:01:28.714 [info] > git ls-files --stage -- /home/user/webpages_tech/about-me-lab/script.js [64ms]
2023-09-21 15:01:28.798 [info] > git cat-file -s 3eb18961c6a73882d4105d07584b1d0a7a72c2c6 [26ms]
2023-09-21 15:01:30.430 [info] > git config --get commit.template [8ms]
2023-09-21 15:01:30.432 [info] > git for-each-ref --format=%(refname)%00%(upstream:short)%00%(objectname)%00%(upstream:track)%00%(upstream:remotename)%00%(upstream:remoteref) refs/heads/main refs/remotes/main [2ms]
2023-09-21 15:01:30.444 [info] > git status -z -uall [5ms]
2023-09-21 15:01:35.483 [info] > git config --get commit.template [16ms]
2023-09-21 15:01:35.487 [info] > git for-each-ref --format=%(refname)%00%(upstream:short)%00%(objectname)%00%(upstream:track)%00%(upstream:remotename)%00%(upstream:remoteref) refs/heads/main refs/remotes/main [6ms]
2023-09-21 15:01:35.510 [info] > git status -z -uall [2ms]
2023-09-21 15:01:40.566 [info] > git config --get commit.template [17ms]
2023-09-21 15:01:40.569 [info] > git for-each-ref --format=%(refname)%00%(upstream:short)%00%(objectname)%00%(upstream:track)%00%(upstream:remotename)%00%(upstream:remoteref) refs/heads/main refs/remotes/main [4ms]
2023-09-21 15:01:40.588 [info] > git status -z -uall [11ms]
2023-09-21 15:01:45.629 [info] > git config --get commit.template [12ms]
2023-09-21 15:01:45.631 [info] > git for-each-ref --format=%(refname)%00%(upstream:short)%00%(objectname)%00%(upstream:track)%00%(upstream:remotename)%00%(upstream:remoteref) refs/heads/main refs/remotes/main [3ms]
2023-09-21 15:01:45.645 [info] > git status -z -uall [7ms]
2023-09-21 15:01:50.667 [info] > git config --get commit.template [1ms]
2023-09-21 15:01:50.681 [info] > git for-each-ref --format=%(refname)%00%(upstream:short)%00%(objectname)%00%(upstream:track)%00%(upstream:remotename)%00%(upstream:remoteref) refs/heads/main refs/remotes/main [3ms]
2023-09-21 15:01:50.694 [info] > git status -z -uall [6ms]
2023-09-21 15:01:55.724 [info] > git config --get commit.template [9ms]
2023-09-21 15:01:55.725 [info] > git for-each-ref --format=%(refname)%00%(upstream:short)%00%(objectname)%00%(upstream:track)%00%(upstream:remotename)%00%(upstream:remoteref) refs/heads/main refs/remotes/main [2ms]
2023-09-21 15:01:55.739 [info] > git status -z -uall [5ms]
2023-09-21 15:02:12.089 [info] > git config --get commit.template [9ms]
2023-09-21 15:02:12.093 [info] > git for-each-ref --format=%(refname)%00%(upstream:short)%00%(objectname)%00%(upstream:track)%00%(upstream:remotename)%00%(upstream:remoteref) refs/heads/main refs/remotes/main [4ms]
2023-09-21 15:02:12.111 [info] > git status -z -uall [6ms]
2023-09-21 15:02:25.460 [info] > git config --get commit.template [11ms]
2023-09-21 15:02:25.463 [info] > git for-each-ref --format=%(refname)%00%(upstream:short)%00%(objectname)%00%(upstream:track)%00%(upstream:remotename)%00%(upstream:remoteref) refs/heads/main refs/remotes/main [4ms]
2023-09-21 15:02:25.482 [info] > git status -z -uall [3ms]
2023-09-21 15:02:30.518 [info] > git config --get commit.template [10ms]
2023-09-21 15:02:30.520 [info] > git for-each-ref --format=%(refname)%00%(upstream:short)%00%(objectname)%00%(upstream:track)%00%(upstream:remotename)%00%(upstream:remoteref) refs/heads/main refs/remotes/main [3ms]
2023-09-21 15:02:30.532 [info] > git status -z -uall [5ms]
2023-09-21 15:02:35.580 [info] > git config --get commit.template [14ms]
2023-09-21 15:02:35.589 [info] > git for-each-ref --format=%(refname)%00%(upstream:short)%00%(objectname)%00%(upstream:track)%00%(upstream:remotename)%00%(upstream:remoteref) refs/heads/main refs/remotes/main [9ms]
2023-09-21 15:02:35.607 [info] > git status -z -uall [10ms]
2023-09-21 15:02:40.630 [info] > git config --get commit.template [9ms]
2023-09-21 15:02:40.634 [info] > git for-each-ref --format=%(refname)%00%(upstream:short)%00%(objectname)%00%(upstream:track)%00%(upstream:remotename)%00%(upstream:remoteref) refs/heads/main refs/remotes/main [5ms]
2023-09-21 15:02:40.650 [info] > git status -z -uall [8ms]
2023-09-21 15:02:45.685 [info] > git config --get commit.template [13ms]
2023-09-21 15:02:45.688 [info] > git for-each-ref --format=%(refname)%00%(upstream:short)%00%(objectname)%00%(upstream:track)%00%(upstream:remotename)%00%(upstream:remoteref) refs/heads/main refs/remotes/main [4ms]
2023-09-21 15:02:45.701 [info] > git status -z -uall [5ms]
2023-09-21 15:02:50.723 [info] > git config --get commit.template [8ms]
2023-09-21 15:02:50.726 [info] > git for-each-ref --format=%(refname)%00%(upstream:short)%00%(objectname)%00%(upstream:track)%00%(upstream:remotename)%00%(upstream:remoteref) refs/heads/main refs/remotes/main [3ms]
2023-09-21 15:02:50.737 [info] > git status -z -uall [4ms]
2023-09-21 15:02:55.799 [info] > git config --get commit.template [46ms]
2023-09-21 15:02:55.810 [info] > git for-each-ref --format=%(refname)%00%(upstream:short)%00%(objectname)%00%(upstream:track)%00%(upstream:remotename)%00%(upstream:remoteref) refs/heads/main refs/remotes/main [12ms]
2023-09-21 15:02:55.849 [info] > git status -z -uall [18ms]
2023-09-21 15:03:00.922 [info] > git config --get commit.template [32ms]
2023-09-21 15:03:00.927 [info] > git for-each-ref --format=%(refname)%00%(upstream:short)%00%(objectname)%00%(upstream:track)%00%(upstream:remotename)%00%(upstream:remoteref) refs/heads/main refs/remotes/main [6ms]
2023-09-21 15:03:00.980 [info] > git status -z -uall [16ms]
2023-09-21 15:03:06.006 [info] > git config --get commit.template [10ms]
2023-09-21 15:03:06.008 [info] > git for-each-ref --format=%(refname)%00%(upstream:short)%00%(objectname)%00%(upstream:track)%00%(upstream:remotename)%00%(upstream:remoteref) refs/heads/main refs/remotes/main [3ms]
2023-09-21 15:03:06.022 [info] > git status -z -uall [6ms]
2023-09-21 15:03:11.054 [info] > git config --get commit.template [8ms]
2023-09-21 15:03:11.057 [info] > git for-each-ref --format=%(refname)%00%(upstream:short)%00%(objectname)%00%(upstream:track)%00%(upstream:remotename)%00%(upstream:remoteref) refs/heads/main refs/remotes/main [3ms]
2023-09-21 15:03:11.068 [info] > git status -z -uall [5ms]
2023-09-21 15:03:16.110 [info] > git config --get commit.template [22ms]
2023-09-21 15:03:16.114 [info] > git for-each-ref --format=%(refname)%00%(upstream:short)%00%(objectname)%00%(upstream:track)%00%(upstream:remotename)%00%(upstream:remoteref) refs/heads/main refs/remotes/main [5ms]
2023-09-21 15:03:16.147 [info] > git status -z -uall [23ms]
2023-09-21 15:03:34.207 [info] > git config --get commit.template [17ms]
2023-09-21 15:03:34.213 [info] > git for-each-ref --format=%(refname)%00%(upstream:short)%00%(objectname)%00%(upstream:track)%00%(upstream:remotename)%00%(upstream:remoteref) refs/heads/main refs/remotes/main [6ms]
2023-09-21 15:03:34.239 [info] > git status -z -uall [17ms]
2023-09-21 15:03:39.371 [info] > git config --get commit.template [28ms]
2023-09-21 15:03:39.378 [info] > git for-each-ref --format=%(refname)%00%(upstream:short)%00%(objectname)%00%(upstream:track)%00%(upstream:remotename)%00%(upstream:remoteref) refs/heads/main refs/remotes/main [8ms]
2023-09-21 15:03:39.429 [info] > git status -z -uall [17ms]
2023-09-21 15:03:44.503 [info] > git config --get commit.template [11ms]
2023-09-21 15:03:44.510 [info] > git for-each-ref --format=%(refname)%00%(upstream:short)%00%(objectname)%00%(upstream:track)%00%(upstream:remotename)%00%(upstream:remoteref) refs/heads/main refs/remotes/main [7ms]
2023-09-21 15:03:44.539 [info] > git status -z -uall [11ms]
2023-09-21 15:03:49.583 [info] > git config --get commit.template [9ms]
2023-09-21 15:03:49.586 [info] > git for-each-ref --format=%(refname)%00%(upstream:short)%00%(objectname)%00%(upstream:track)%00%(upstream:remotename)%00%(upstream:remoteref) refs/heads/main refs/remotes/main [3ms]
2023-09-21 15:03:49.602 [info] > git status -z -uall [7ms]
2023-09-21 15:03:54.634 [info] > git config --get commit.template [8ms]
2023-09-21 15:03:54.636 [info] > git for-each-ref --format=%(refname)%00%(upstream:short)%00%(objectname)%00%(upstream:track)%00%(upstream:remotename)%00%(upstream:remoteref) refs/heads/main refs/remotes/main [3ms]
2023-09-21 15:03:54.647 [info] > git status -z -uall [4ms]
2023-09-21 15:03:59.678 [info] > git config --get commit.template [10ms]
2023-09-21 15:03:59.680 [info] > git for-each-ref --format=%(refname)%00%(upstream:short)%00%(objectname)%00%(upstream:track)%00%(upstream:remotename)%00%(upstream:remoteref) refs/heads/main refs/remotes/main [3ms]
2023-09-21 15:03:59.694 [info] > git status -z -uall [5ms]
2023-09-21 15:04:04.982 [info] > git config --get commit.template [6ms]
2023-09-21 15:04:05.004 [info] > git for-each-ref --format=%(refname)%00%(upstream:short)%00%(objectname)%00%(upstream:track)%00%(upstream:remotename)%00%(upstream:remoteref) refs/heads/main refs/remotes/main [4ms]
2023-09-21 15:04:05.047 [info] > git status -z -uall [16ms]
2023-09-21 15:04:10.107 [info] > git config --get commit.template [19ms]
2023-09-21 15:04:10.129 [info] > git for-each-ref --format=%(refname)%00%(upstream:short)%00%(objectname)%00%(upstream:track)%00%(upstream:remotename)%00%(upstream:remoteref) refs/heads/main refs/remotes/main [24ms]
2023-09-21 15:04:10.173 [info] > git status -z -uall [15ms]
2023-09-21 15:04:15.235 [info] > git config --get commit.template [10ms]
2023-09-21 15:04:15.237 [info] > git for-each-ref --format=%(refname)%00%(upstream:short)%00%(objectname)%00%(upstream:track)%00%(upstream:remotename)%00%(upstream:remoteref) refs/heads/main refs/remotes/main [3ms]
2023-09-21 15:04:15.252 [info] > git status -z -uall [6ms]
2023-09-21 15:04:20.302 [info] > git config --get commit.template [15ms]
2023-09-21 15:04:20.304 [info] > git for-each-ref --format=%(refname)%00%(upstream:short)%00%(objectname)%00%(upstream:track)%00%(upstream:remotename)%00%(upstream:remoteref) refs/heads/main refs/remotes/main [3ms]
2023-09-21 15:04:20.321 [info] > git status -z -uall [6ms]
2023-09-21 15:04:25.355 [info] > git config --get commit.template [9ms]
2023-09-21 15:04:25.358 [info] > git for-each-ref --format=%(refname)%00%(upstream:short)%00%(objectname)%00%(upstream:track)%00%(upstream:remotename)%00%(upstream:remoteref) refs/heads/main refs/remotes/main [3ms]
2023-09-21 15:04:25.371 [info] > git status -z -uall [6ms]
2023-09-21 15:04:30.415 [info] > git config --get commit.template [23ms]
2023-09-21 15:04:30.432 [info] > git for-each-ref --format=%(refname)%00%(upstream:short)%00%(objectname)%00%(upstream:track)%00%(upstream:remotename)%00%(upstream:remoteref) refs/heads/main refs/remotes/main [22ms]
2023-09-21 15:04:30.465 [info] > git status -z -uall [21ms]
2023-09-21 15:04:35.507 [info] > git config --get commit.template [21ms]
2023-09-21 15:04:35.514 [info] > git for-each-ref --format=%(refname)%00%(upstream:short)%00%(objectname)%00%(upstream:track)%00%(upstream:remotename)%00%(upstream:remoteref) refs/heads/main refs/remotes/main [7ms]
2023-09-21 15:04:35.530 [info] > git status -z -uall [8ms]
2023-09-21 15:04:40.587 [info] > git config --get commit.template [29ms]
2023-09-21 15:04:40.651 [info] > git for-each-ref --format=%(refname)%00%(upstream:short)%00%(objectname)%00%(upstream:track)%00%(upstream:remotename)%00%(upstream:remoteref) refs/heads/main refs/remotes/main [28ms]
2023-09-21 15:04:40.670 [info] > git status -z -uall [7ms]
2023-09-21 15:04:45.705 [info] > git config --get commit.template [10ms]
2023-09-21 15:04:45.709 [info] > git for-each-ref --format=%(refname)%00%(upstream:short)%00%(objectname)%00%(upstream:track)%00%(upstream:remotename)%00%(upstream:remoteref) refs/heads/main refs/remotes/main [4ms]
2023-09-21 15:04:45.735 [info] > git status -z -uall [16ms]
2023-09-21 15:04:50.845 [info] > git config --get commit.template [1ms]
2023-09-21 15:04:50.859 [info] > git for-each-ref --format=%(refname)%00%(upstream:short)%00%(objectname)%00%(upstream:track)%00%(upstream:remotename)%00%(upstream:remoteref) refs/heads/main refs/remotes/main [4ms]
2023-09-21 15:04:50.882 [info] > git status -z -uall [6ms]
2023-09-21 15:04:55.907 [info] > git config --get commit.template [8ms]
2023-09-21 15:04:55.910 [info] > git for-each-ref --format=%(refname)%00%(upstream:short)%00%(objectname)%00%(upstream:track)%00%(upstream:remotename)%00%(upstream:remoteref) refs/heads/main refs/remotes/main [3ms]
2023-09-21 15:04:55.922 [info] > git status -z -uall [6ms]
2023-09-21 15:05:00.956 [info] > git config --get commit.template [12ms]
2023-09-21 15:05:00.959 [info] > git for-each-ref --format=%(refname)%00%(upstream:short)%00%(objectname)%00%(upstream:track)%00%(upstream:remotename)%00%(upstream:remoteref) refs/heads/main refs/remotes/main [5ms]
2023-09-21 15:05:00.977 [info] > git status -z -uall [8ms]
2023-09-21 15:05:06.020 [info] > git config --get commit.template [12ms]
2023-09-21 15:05:06.022 [info] > git for-each-ref --format=%(refname)%00%(upstream:short)%00%(objectname)%00%(upstream:track)%00%(upstream:remotename)%00%(upstream:remoteref) refs/heads/main refs/remotes/main [2ms]
2023-09-21 15:05:06.034 [info] > git status -z -uall [4ms]
2023-09-21 15:05:41.426 [info] > git config --get commit.template [39ms]
2023-09-21 15:05:41.430 [info] > git for-each-ref --format=%(refname)%00%(upstream:short)%00%(objectname)%00%(upstream:track)%00%(upstream:remotename)%00%(upstream:remoteref) refs/heads/main refs/remotes/main [18ms]
2023-09-21 15:05:41.461 [info] > git status -z -uall [17ms]
2023-09-21 15:05:46.493 [info] > git config --get commit.template [8ms]
2023-09-21 15:05:46.497 [info] > git for-each-ref --format=%(refname)%00%(upstream:short)%00%(objectname)%00%(upstream:track)%00%(upstream:remotename)%00%(upstream:remoteref) refs/heads/main refs/remotes/main [4ms]
2023-09-21 15:05:46.510 [info] > git status -z -uall [5ms]
2023-09-21 15:05:51.550 [info] > git config --get commit.template [22ms]
2023-09-21 15:05:51.553 [info] > git for-each-ref --format=%(refname)%00%(upstream:short)%00%(objectname)%00%(upstream:track)%00%(upstream:remotename)%00%(upstream:remoteref) refs/heads/main refs/remotes/main [4ms]
2023-09-21 15:05:51.573 [info] > git status -z -uall [6ms]
2023-09-21 15:05:56.601 [info] > git config --get commit.template [7ms]
2023-09-21 15:05:56.603 [info] > git for-each-ref --format=%(refname)%00%(upstream:short)%00%(objectname)%00%(upstream:track)%00%(upstream:remotename)%00%(upstream:remoteref) refs/heads/main refs/remotes/main [3ms]
2023-09-21 15:05:56.615 [info] > git status -z -uall [5ms]
2023-09-21 15:06:01.648 [info] > git config --get commit.template [8ms]
2023-09-21 15:06:01.654 [info] > git for-each-ref --format=%(refname)%00%(upstream:short)%00%(objectname)%00%(upstream:track)%00%(upstream:remotename)%00%(upstream:remoteref) refs/heads/main refs/remotes/main [7ms]
2023-09-21 15:06:01.667 [info] > git status -z -uall [5ms]
2023-09-21 15:06:06.696 [info] > git config --get commit.template [10ms]
2023-09-21 15:06:06.700 [info] > git for-each-ref --format=%(refname)%00%(upstream:short)%00%(objectname)%00%(upstream:track)%00%(upstream:remotename)%00%(upstream:remoteref) refs/heads/main refs/remotes/main [5ms]
2023-09-21 15:06:06.714 [info] > git status -z -uall [6ms]
2023-09-21 15:06:11.744 [info] > git config --get commit.template [10ms]
2023-09-21 15:06:11.747 [info] > git for-each-ref --format=%(refname)%00%(upstream:short)%00%(objectname)%00%(upstream:track)%00%(upstream:remotename)%00%(upstream:remoteref) refs/heads/main refs/remotes/main [4ms]
2023-09-21 15:06:11.760 [info] > git status -z -uall [6ms]
2023-09-21 15:06:16.794 [info] > git config --get commit.template [9ms]
2023-09-21 15:06:16.798 [info] > git for-each-ref --format=%(refname)%00%(upstream:short)%00%(objectname)%00%(upstream:track)%00%(upstream:remotename)%00%(upstream:remoteref) refs/heads/main refs/remotes/main [4ms]
2023-09-21 15:06:16.812 [info] > git status -z -uall [5ms]
2023-09-21 15:06:21.850 [info] > git config --get commit.template [10ms]
2023-09-21 15:06:21.854 [info] > git for-each-ref --format=%(refname)%00%(upstream:short)%00%(objectname)%00%(upstream:track)%00%(upstream:remotename)%00%(upstream:remoteref) refs/heads/main refs/remotes/main [6ms]
2023-09-21 15:06:21.866 [info] > git status -z -uall [4ms]
2023-09-21 15:06:26.896 [info] > git config --get commit.template [10ms]
2023-09-21 15:06:26.898 [info] > git for-each-ref --format=%(refname)%00%(upstream:short)%00%(objectname)%00%(upstream:track)%00%(upstream:remotename)%00%(upstream:remoteref) refs/heads/main refs/remotes/main [3ms]
2023-09-21 15:06:26.913 [info] > git status -z -uall [4ms]
2023-09-21 15:06:31.946 [info] > git config --get commit.template [11ms]
2023-09-21 15:06:31.949 [info] > git for-each-ref --format=%(refname)%00%(upstream:short)%00%(objectname)%00%(upstream:track)%00%(upstream:remotename)%00%(upstream:remoteref) refs/heads/main refs/remotes/main [4ms]
2023-09-21 15:06:31.966 [info] > git status -z -uall [6ms]
2023-09-21 15:06:36.996 [info] > git config --get commit.template [7ms]
2023-09-21 15:06:36.999 [info] > git for-each-ref --format=%(refname)%00%(upstream:short)%00%(objectname)%00%(upstream:track)%00%(upstream:remotename)%00%(upstream:remoteref) refs/heads/main refs/remotes/main [3ms]
2023-09-21 15:06:37.011 [info] > git status -z -uall [4ms]
2023-09-21 15:06:42.036 [info] > git config --get commit.template [10ms]
2023-09-21 15:06:42.038 [info] > git for-each-ref --format=%(refname)%00%(upstream:short)%00%(objectname)%00%(upstream:track)%00%(upstream:remotename)%00%(upstream:remoteref) refs/heads/main refs/remotes/main [2ms]
2023-09-21 15:06:42.054 [info] > git status -z -uall [7ms]
2023-09-21 15:06:44.998 [info] > git show --textconv :knowledge.js [75ms]
2023-09-21 15:06:45.026 [info] > git ls-files --stage -- /home/user/webpages_tech/about-me-lab/knowledge.js [48ms]
2023-09-21 15:06:45.176 [info] > git cat-file -s 5638b592003a710e6717be81c0fd97a77f262273 [55ms]
2023-09-21 15:06:47.078 [info] > git config --get commit.template [8ms]
2023-09-21 15:06:47.081 [info] > git for-each-ref --format=%(refname)%00%(upstream:short)%00%(objectname)%00%(upstream:track)%00%(upstream:remotename)%00%(upstream:remoteref) refs/heads/main refs/remotes/main [4ms]
2023-09-21 15:06:47.094 [info] > git status -z -uall [5ms]
2023-09-21 15:06:52.132 [info] > git config --get commit.template [9ms]
2023-09-21 15:06:52.135 [info] > git for-each-ref --format=%(refname)%00%(upstream:short)%00%(objectname)%00%(upstream:track)%00%(upstream:remotename)%00%(upstream:remoteref) refs/heads/main refs/remotes/main [3ms]
2023-09-21 15:06:52.150 [info] > git status -z -uall [5ms]
2023-09-21 15:06:57.199 [info] > git config --get commit.template [22ms]
2023-09-21 15:06:57.202 [info] > git for-each-ref --format=%(refname)%00%(upstream:short)%00%(objectname)%00%(upstream:track)%00%(upstream:remotename)%00%(upstream:remoteref) refs/heads/main refs/remotes/main [4ms]
2023-09-21 15:06:57.216 [info] > git status -z -uall [5ms]
2023-09-21 15:07:02.247 [info] > git config --get commit.template [9ms]
2023-09-21 15:07:02.250 [info] > git for-each-ref --format=%(refname)%00%(upstream:short)%00%(objectname)%00%(upstream:track)%00%(upstream:remotename)%00%(upstream:remoteref) refs/heads/main refs/remotes/main [3ms]
2023-09-21 15:07:02.263 [info] > git status -z -uall [5ms]
2023-09-21 15:07:07.301 [info] > git config --get commit.template [9ms]
2023-09-21 15:07:07.304 [info] > git for-each-ref --format=%(refname)%00%(upstream:short)%00%(objectname)%00%(upstream:track)%00%(upstream:remotename)%00%(upstream:remoteref) refs/heads/main refs/remotes/main [4ms]
2023-09-21 15:07:07.319 [info] > git status -z -uall [7ms]
2023-09-21 15:07:12.355 [info] > git config --get commit.template [8ms]
2023-09-21 15:07:12.357 [info] > git for-each-ref --format=%(refname)%00%(upstream:short)%00%(objectname)%00%(upstream:track)%00%(upstream:remotename)%00%(upstream:remoteref) refs/heads/main refs/remotes/main [3ms]
2023-09-21 15:07:12.371 [info] > git status -z -uall [5ms]
2023-09-21 15:07:17.398 [info] > git config --get commit.template [13ms]
2023-09-21 15:07:17.403 [info] > git for-each-ref --format=%(refname)%00%(upstream:short)%00%(objectname)%00%(upstream:track)%00%(upstream:remotename)%00%(upstream:remoteref) refs/heads/main refs/remotes/main [6ms]
2023-09-21 15:07:17.417 [info] > git status -z -uall [4ms]
2023-09-21 15:07:22.448 [info] > git config --get commit.template [8ms]
2023-09-21 15:07:22.450 [info] > git for-each-ref --format=%(refname)%00%(upstream:short)%00%(objectname)%00%(upstream:track)%00%(upstream:remotename)%00%(upstream:remoteref) refs/heads/main refs/remotes/main [2ms]
2023-09-21 15:07:22.463 [info] > git status -z -uall [4ms]
2023-09-21 15:07:27.496 [info] > git config --get commit.template [9ms]
2023-09-21 15:07:27.499 [info] > git for-each-ref --format=%(refname)%00%(upstream:short)%00%(objectname)%00%(upstream:track)%00%(upstream:remotename)%00%(upstream:remoteref) refs/heads/main refs/remotes/main [3ms]
2023-09-21 15:07:27.511 [info] > git status -z -uall [5ms]
2023-09-21 15:07:32.542 [info] > git config --get commit.template [6ms]
2023-09-21 15:07:32.574 [info] > git for-each-ref --format=%(refname)%00%(upstream:short)%00%(objectname)%00%(upstream:track)%00%(upstream:remotename)%00%(upstream:remoteref) refs/heads/main refs/remotes/main [4ms]
2023-09-21 15:07:32.592 [info] > git status -z -uall [6ms]
2023-09-21 15:07:37.630 [info] > git config --get commit.template [9ms]
2023-09-21 15:07:37.645 [info] > git for-each-ref --format=%(refname)%00%(upstream:short)%00%(objectname)%00%(upstream:track)%00%(upstream:remotename)%00%(upstream:remoteref) refs/heads/main refs/remotes/main [3ms]
2023-09-21 15:07:37.662 [info] > git status -z -uall [7ms]
2023-09-21 15:07:42.687 [info] > git config --get commit.template [9ms]
2023-09-21 15:07:42.690 [info] > git for-each-ref --format=%(refname)%00%(upstream:short)%00%(objectname)%00%(upstream:track)%00%(upstream:remotename)%00%(upstream:remoteref) refs/heads/main refs/remotes/main [3ms]
2023-09-21 15:07:42.702 [info] > git status -z -uall [5ms]
2023-09-21 15:07:47.800 [info] > git config --get commit.template [23ms]
2023-09-21 15:07:47.804 [info] > git for-each-ref --format=%(refname)%00%(upstream:short)%00%(objectname)%00%(upstream:track)%00%(upstream:remotename)%00%(upstream:remoteref) refs/heads/main refs/remotes/main [5ms]
2023-09-21 15:07:47.823 [info] > git status -z -uall [5ms]
2023-09-21 15:07:52.864 [info] > git config --get commit.template [10ms]
2023-09-21 15:07:52.866 [info] > git for-each-ref --format=%(refname)%00%(upstream:short)%00%(objectname)%00%(upstream:track)%00%(upstream:remotename)%00%(upstream:remoteref) refs/heads/main refs/remotes/main [3ms]
2023-09-21 15:07:52.879 [info] > git status -z -uall [5ms]
2023-09-21 15:07:57.908 [info] > git config --get commit.template [9ms]
2023-09-21 15:07:57.911 [info] > git for-each-ref --format=%(refname)%00%(upstream:short)%00%(objectname)%00%(upstream:track)%00%(upstream:remotename)%00%(upstream:remoteref) refs/heads/main refs/remotes/main [4ms]
2023-09-21 15:07:57.924 [info] > git status -z -uall [6ms]
2023-09-21 15:08:02.961 [info] > git config --get commit.template [17ms]
2023-09-21 15:08:02.968 [info] > git for-each-ref --format=%(refname)%00%(upstream:short)%00%(objectname)%00%(upstream:track)%00%(upstream:remotename)%00%(upstream:remoteref) refs/heads/main refs/remotes/main [8ms]
2023-09-21 15:08:02.984 [info] > git status -z -uall [7ms]
2023-09-21 15:08:13.211 [info] > git config --get commit.template [18ms]
2023-09-21 15:08:13.219 [info] > git for-each-ref --format=%(refname)%00%(upstream:short)%00%(objectname)%00%(upstream:track)%00%(upstream:remotename)%00%(upstream:remoteref) refs/heads/main refs/remotes/main [9ms]
2023-09-21 15:08:13.266 [info] > git status -z -uall [17ms]
2023-09-21 15:08:18.356 [info] > git config --get commit.template [21ms]
2023-09-21 15:08:18.376 [info] > git for-each-ref --format=%(refname)%00%(upstream:short)%00%(objectname)%00%(upstream:track)%00%(upstream:remotename)%00%(upstream:remoteref) refs/heads/main refs/remotes/main [34ms]
2023-09-21 15:08:18.390 [info] > git status -z -uall [7ms]
2023-09-21 15:08:23.423 [info] > git config --get commit.template [11ms]
2023-09-21 15:08:23.427 [info] > git for-each-ref --format=%(refname)%00%(upstream:short)%00%(objectname)%00%(upstream:track)%00%(upstream:remotename)%00%(upstream:remoteref) refs/heads/main refs/remotes/main [5ms]
2023-09-21 15:08:23.442 [info] > git status -z -uall [6ms]
2023-09-21 15:08:28.473 [info] > git config --get commit.template [9ms]
2023-09-21 15:08:28.475 [info] > git for-each-ref --format=%(refname)%00%(upstream:short)%00%(objectname)%00%(upstream:track)%00%(upstream:remotename)%00%(upstream:remoteref) refs/heads/main refs/remotes/main [3ms]
2023-09-21 15:08:28.488 [info] > git status -z -uall [5ms]
2023-09-21 15:08:33.512 [info] > git config --get commit.template [7ms]
2023-09-21 15:08:33.515 [info] > git for-each-ref --format=%(refname)%00%(upstream:short)%00%(objectname)%00%(upstream:track)%00%(upstream:remotename)%00%(upstream:remoteref) refs/heads/main refs/remotes/main [3ms]
2023-09-21 15:08:33.527 [info] > git status -z -uall [5ms]
2023-09-21 15:08:38.550 [info] > git config --get commit.template [8ms]
2023-09-21 15:08:38.552 [info] > git for-each-ref --format=%(refname)%00%(upstream:short)%00%(objectname)%00%(upstream:track)%00%(upstream:remotename)%00%(upstream:remoteref) refs/heads/main refs/remotes/main [2ms]
2023-09-21 15:08:38.564 [info] > git status -z -uall [5ms]
2023-09-21 15:08:54.829 [info] > git for-each-ref --format=%(refname)%00%(upstream:short)%00%(objectname)%00%(upstream:track)%00%(upstream:remotename)%00%(upstream:remoteref) refs/heads/main refs/remotes/main [18ms]
2023-09-21 15:08:54.842 [info] > git config --get commit.template [44ms]
2023-09-21 15:08:54.876 [info] > git status -z -uall [21ms]
2023-09-21 15:09:00.021 [info] > git config --get commit.template [31ms]
2023-09-21 15:09:00.031 [info] > git for-each-ref --format=%(refname)%00%(upstream:short)%00%(objectname)%00%(upstream:track)%00%(upstream:remotename)%00%(upstream:remoteref) refs/heads/main refs/remotes/main [12ms]
2023-09-21 15:09:00.083 [info] > git status -z -uall [17ms]
2023-09-21 15:09:05.131 [info] > git config --get commit.template [9ms]
2023-09-21 15:09:05.133 [info] > git for-each-ref --format=%(refname)%00%(upstream:short)%00%(objectname)%00%(upstream:track)%00%(upstream:remotename)%00%(upstream:remoteref) refs/heads/main refs/remotes/main [3ms]
2023-09-21 15:09:05.146 [info] > git status -z -uall [5ms]
2023-09-21 15:09:10.190 [info] > git config --get commit.template [16ms]
2023-09-21 15:09:10.192 [info] > git for-each-ref --format=%(refname)%00%(upstream:short)%00%(objectname)%00%(upstream:track)%00%(upstream:remotename)%00%(upstream:remoteref) refs/heads/main refs/remotes/main [3ms]
2023-09-21 15:09:10.209 [info] > git status -z -uall [5ms]
2023-09-21 15:09:15.241 [info] > git config --get commit.template [8ms]
2023-09-21 15:09:15.243 [info] > git for-each-ref --format=%(refname)%00%(upstream:short)%00%(objectname)%00%(upstream:track)%00%(upstream:remotename)%00%(upstream:remoteref) refs/heads/main refs/remotes/main [3ms]
2023-09-21 15:09:15.257 [info] > git status -z -uall [4ms]
2023-09-21 15:09:20.297 [info] > git config --get commit.template [14ms]
2023-09-21 15:09:20.300 [info] > git for-each-ref --format=%(refname)%00%(upstream:short)%00%(objectname)%00%(upstream:track)%00%(upstream:remotename)%00%(upstream:remoteref) refs/heads/main refs/remotes/main [5ms]
2023-09-21 15:09:20.316 [info] > git status -z -uall [5ms]
2023-09-21 15:09:25.359 [info] > git config --get commit.template [19ms]
2023-09-21 15:09:25.365 [info] > git for-each-ref --format=%(refname)%00%(upstream:short)%00%(objectname)%00%(upstream:track)%00%(upstream:remotename)%00%(upstream:remoteref) refs/heads/main refs/remotes/main [9ms]
2023-09-21 15:09:25.389 [info] > git status -z -uall [12ms]
2023-09-21 15:09:30.430 [info] > git config --get commit.template [10ms]
2023-09-21 15:09:30.434 [info] > git for-each-ref --format=%(refname)%00%(upstream:short)%00%(objectname)%00%(upstream:track)%00%(upstream:remotename)%00%(upstream:remoteref) refs/heads/main refs/remotes/main [5ms]
2023-09-21 15:09:30.449 [info] > git status -z -uall [6ms]
2023-09-21 15:09:35.489 [info] > git config --get commit.template [10ms]
2023-09-21 15:09:35.491 [info] > git for-each-ref --format=%(refname)%00%(upstream:short)%00%(objectname)%00%(upstream:track)%00%(upstream:remotename)%00%(upstream:remoteref) refs/heads/main refs/remotes/main [3ms]
2023-09-21 15:09:35.508 [info] > git status -z -uall [5ms]
2023-09-21 15:09:40.555 [info] > git config --get commit.template [22ms]
2023-09-21 15:09:40.560 [info] > git for-each-ref --format=%(refname)%00%(upstream:short)%00%(objectname)%00%(upstream:track)%00%(upstream:remotename)%00%(upstream:remoteref) refs/heads/main refs/remotes/main [6ms]
2023-09-21 15:09:40.579 [info] > git status -z -uall [7ms]
2023-09-21 15:09:45.647 [info] > git config --get commit.template [27ms]
2023-09-21 15:09:45.653 [info] > git for-each-ref --format=%(refname)%00%(upstream:short)%00%(objectname)%00%(upstream:track)%00%(upstream:remotename)%00%(upstream:remoteref) refs/heads/main refs/remotes/main [8ms]
2023-09-21 15:09:45.683 [info] > git status -z -uall [15ms]
2023-09-21 15:09:50.752 [info] > git config --get commit.template [12ms]
2023-09-21 15:09:50.759 [info] > git for-each-ref --format=%(refname)%00%(upstream:short)%00%(objectname)%00%(upstream:track)%00%(upstream:remotename)%00%(upstream:remoteref) refs/heads/main refs/remotes/main [8ms]
2023-09-21 15:09:50.774 [info] > git status -z -uall [5ms]
2023-09-21 15:09:55.799 [info] > git config --get commit.template [9ms]
2023-09-21 15:09:55.801 [info] > git for-each-ref --format=%(refname)%00%(upstream:short)%00%(objectname)%00%(upstream:track)%00%(upstream:remotename)%00%(upstream:remoteref) refs/heads/main refs/remotes/main [3ms]
2023-09-21 15:09:55.815 [info] > git status -z -uall [7ms]
2023-09-21 15:10:00.856 [info] > git config --get commit.template [11ms]
2023-09-21 15:10:00.859 [info] > git for-each-ref --format=%(refname)%00%(upstream:short)%00%(objectname)%00%(upstream:track)%00%(upstream:remotename)%00%(upstream:remoteref) refs/heads/main refs/remotes/main [3ms]
2023-09-21 15:10:00.877 [info] > git status -z -uall [8ms]
2023-09-21 15:10:05.908 [info] > git config --get commit.template [10ms]
2023-09-21 15:10:05.910 [info] > git for-each-ref --format=%(refname)%00%(upstream:short)%00%(objectname)%00%(upstream:track)%00%(upstream:remotename)%00%(upstream:remoteref) refs/heads/main refs/remotes/main [2ms]
2023-09-21 15:10:05.924 [info] > git status -z -uall [5ms]
2023-09-21 15:10:10.949 [info] > git config --get commit.template [10ms]
2023-09-21 15:10:10.952 [info] > git for-each-ref --format=%(refname)%00%(upstream:short)%00%(objectname)%00%(upstream:track)%00%(upstream:remotename)%00%(upstream:remoteref) refs/heads/main refs/remotes/main [4ms]
2023-09-21 15:10:10.964 [info] > git status -z -uall [6ms]
2023-09-21 15:10:16.000 [info] > git config --get commit.template [12ms]
2023-09-21 15:10:16.006 [info] > git for-each-ref --format=%(refname)%00%(upstream:short)%00%(objectname)%00%(upstream:track)%00%(upstream:remotename)%00%(upstream:remoteref) refs/heads/main refs/remotes/main [8ms]
2023-09-21 15:10:16.026 [info] > git status -z -uall [8ms]
2023-09-21 15:10:21.067 [info] > git config --get commit.template [14ms]
2023-09-21 15:10:21.071 [info] > git for-each-ref --format=%(refname)%00%(upstream:short)%00%(objectname)%00%(upstream:track)%00%(upstream:remotename)%00%(upstream:remoteref) refs/heads/main refs/remotes/main [4ms]
2023-09-21 15:10:21.089 [info] > git status -z -uall [6ms]
2023-09-21 15:10:26.115 [info] > git config --get commit.template [8ms]
2023-09-21 15:10:26.119 [info] > git for-each-ref --format=%(refname)%00%(upstream:short)%00%(objectname)%00%(upstream:track)%00%(upstream:remotename)%00%(upstream:remoteref) refs/heads/main refs/remotes/main [4ms]
2023-09-21 15:10:26.190 [info] > git status -z -uall [62ms]
2023-09-21 15:10:31.242 [info] > git config --get commit.template [11ms]
2023-09-21 15:10:31.246 [info] > git for-each-ref --format=%(refname)%00%(upstream:short)%00%(objectname)%00%(upstream:track)%00%(upstream:remotename)%00%(upstream:remoteref) refs/heads/main refs/remotes/main [5ms]
2023-09-21 15:10:31.260 [info] > git status -z -uall [5ms]
2023-09-21 15:10:36.296 [info] > git config --get commit.template [12ms]
2023-09-21 15:10:36.300 [info] > git for-each-ref --format=%(refname)%00%(upstream:short)%00%(objectname)%00%(upstream:track)%00%(upstream:remotename)%00%(upstream:remoteref) refs/heads/main refs/remotes/main [3ms]
2023-09-21 15:10:36.316 [info] > git status -z -uall [6ms]
2023-09-21 15:10:41.348 [info] > git config --get commit.template [11ms]
2023-09-21 15:10:41.351 [info] > git for-each-ref --format=%(refname)%00%(upstream:short)%00%(objectname)%00%(upstream:track)%00%(upstream:remotename)%00%(upstream:remoteref) refs/heads/main refs/remotes/main [4ms]
2023-09-21 15:10:41.366 [info] > git status -z -uall [5ms]
2023-09-21 15:10:46.395 [info] > git config --get commit.template [10ms]
2023-09-21 15:10:46.399 [info] > git for-each-ref --format=%(refname)%00%(upstream:short)%00%(objectname)%00%(upstream:track)%00%(upstream:remotename)%00%(upstream:remoteref) refs/heads/main refs/remotes/main [4ms]
2023-09-21 15:10:46.420 [info] > git status -z -uall [6ms]
2023-09-21 15:10:51.475 [info] > git config --get commit.template [5ms]
2023-09-21 15:10:51.517 [info] > git for-each-ref --format=%(refname)%00%(upstream:short)%00%(objectname)%00%(upstream:track)%00%(upstream:remotename)%00%(upstream:remoteref) refs/heads/main refs/remotes/main [6ms]
2023-09-21 15:10:51.576 [info] > git status -z -uall [22ms]
2023-09-21 15:10:56.604 [info] > git config --get commit.template [9ms]
2023-09-21 15:10:56.606 [info] > git for-each-ref --format=%(refname)%00%(upstream:short)%00%(objectname)%00%(upstream:track)%00%(upstream:remotename)%00%(upstream:remoteref) refs/heads/main refs/remotes/main [3ms]
2023-09-21 15:10:56.620 [info] > git status -z -uall [4ms]
2023-09-21 15:11:01.647 [info] > git config --get commit.template [8ms]
2023-09-21 15:11:01.651 [info] > git for-each-ref --format=%(refname)%00%(upstream:short)%00%(objectname)%00%(upstream:track)%00%(upstream:remotename)%00%(upstream:remoteref) refs/heads/main refs/remotes/main [4ms]
2023-09-21 15:11:01.671 [info] > git status -z -uall [6ms]
2023-09-21 15:11:06.702 [info] > git config --get commit.template [9ms]
2023-09-21 15:11:06.704 [info] > git for-each-ref --format=%(refname)%00%(upstream:short)%00%(objectname)%00%(upstream:track)%00%(upstream:remotename)%00%(upstream:remoteref) refs/heads/main refs/remotes/main [3ms]
2023-09-21 15:11:06.715 [info] > git status -z -uall [5ms]
2023-09-21 15:11:11.743 [info] > git config --get commit.template [8ms]
2023-09-21 15:11:11.747 [info] > git for-each-ref --format=%(refname)%00%(upstream:short)%00%(objectname)%00%(upstream:track)%00%(upstream:remotename)%00%(upstream:remoteref) refs/heads/main refs/remotes/main [5ms]
2023-09-21 15:11:11.764 [info] > git status -z -uall [7ms]
2023-09-21 15:11:16.796 [info] > git config --get commit.template [8ms]
2023-09-21 15:11:16.799 [info] > git for-each-ref --format=%(refname)%00%(upstream:short)%00%(objectname)%00%(upstream:track)%00%(upstream:remotename)%00%(upstream:remoteref) refs/heads/main refs/remotes/main [4ms]
2023-09-21 15:11:16.811 [info] > git status -z -uall [5ms]
2023-09-21 15:11:21.844 [info] > git config --get commit.template [10ms]
2023-09-21 15:11:21.846 [info] > git for-each-ref --format=%(refname)%00%(upstream:short)%00%(objectname)%00%(upstream:track)%00%(upstream:remotename)%00%(upstream:remoteref) refs/heads/main refs/remotes/main [2ms]
2023-09-21 15:11:21.860 [info] > git status -z -uall [5ms]
2023-09-21 15:11:26.930 [info] > git config --get commit.template [37ms]
2023-09-21 15:11:26.935 [info] > git for-each-ref --format=%(refname)%00%(upstream:short)%00%(objectname)%00%(upstream:track)%00%(upstream:remotename)%00%(upstream:remoteref) refs/heads/main refs/remotes/main [13ms]
2023-09-21 15:11:26.954 [info] > git status -z -uall [8ms]
2023-09-21 15:11:32.029 [info] > git config --get commit.template [29ms]
2023-09-21 15:11:32.043 [info] > git for-each-ref --format=%(refname)%00%(upstream:short)%00%(objectname)%00%(upstream:track)%00%(upstream:remotename)%00%(upstream:remoteref) refs/heads/main refs/remotes/main [16ms]
2023-09-21 15:11:32.070 [info] > git status -z -uall [8ms]
2023-09-21 15:11:37.132 [info] > git config --get commit.template [22ms]
2023-09-21 15:11:37.150 [info] > git for-each-ref --format=%(refname)%00%(upstream:short)%00%(objectname)%00%(upstream:track)%00%(upstream:remotename)%00%(upstream:remoteref) refs/heads/main refs/remotes/main [19ms]
2023-09-21 15:11:37.207 [info] > git status -z -uall [34ms]
2023-09-21 15:11:42.246 [info] > git config --get commit.template [8ms]
2023-09-21 15:11:42.249 [info] > git for-each-ref --format=%(refname)%00%(upstream:short)%00%(objectname)%00%(upstream:track)%00%(upstream:remotename)%00%(upstream:remoteref) refs/heads/main refs/remotes/main [3ms]
2023-09-21 15:11:42.262 [info] > git status -z -uall [5ms]
2023-09-21 15:11:47.308 [info] > git config --get commit.template [28ms]
2023-09-21 15:11:47.310 [info] > git for-each-ref --format=%(refname)%00%(upstream:short)%00%(objectname)%00%(upstream:track)%00%(upstream:remotename)%00%(upstream:remoteref) refs/heads/main refs/remotes/main [4ms]
2023-09-21 15:11:47.330 [info] > git status -z -uall [8ms]
2023-09-21 15:11:52.372 [info] > git config --get commit.template [9ms]
2023-09-21 15:11:52.376 [info] > git for-each-ref --format=%(refname)%00%(upstream:short)%00%(objectname)%00%(upstream:track)%00%(upstream:remotename)%00%(upstream:remoteref) refs/heads/main refs/remotes/main [4ms]
2023-09-21 15:11:52.388 [info] > git status -z -uall [5ms]
2023-09-21 15:11:57.417 [info] > git config --get commit.template [8ms]
2023-09-21 15:11:57.420 [info] > git for-each-ref --format=%(refname)%00%(upstream:short)%00%(objectname)%00%(upstream:track)%00%(upstream:remotename)%00%(upstream:remoteref) refs/heads/main refs/remotes/main [4ms]
2023-09-21 15:11:57.434 [info] > git status -z -uall [6ms]
