2023-09-21 15:00:16.480 [info] Added views:workbench.panel.markers.view in workbench.panel.markers
2023-09-21 15:00:16.480 [info] Added views:workbench.panel.output in workbench.panel.output
2023-09-21 15:00:16.480 [info] Added views:terminal in terminal
2023-09-21 15:00:16.480 [info] Added views:outline in workbench.view.explorer
2023-09-21 15:00:16.480 [info] Added views:workbench.scm in workbench.view.scm
2023-09-21 15:00:16.480 [info] Added views:workbench.view.search in workbench.view.search
2023-09-21 15:00:16.481 [info] Added views:timeline in workbench.view.explorer
2023-09-21 15:00:16.481 [info] Added views:workbench.explorer.emptyView in workbench.view.explorer
2023-09-21 15:00:20.299 [info] Added views:workbench.debug.variablesView,workbench.debug.watchExpressionsView,workbench.debug.callStackView,workbench.debug.breakPointsView in workbench.view.debug
2023-09-21 15:00:25.564 [info] Added views:vscode-edge-devtools-view.targets,vscode-edge-devtools-view.help-links in workbench.view.extension.vscode-edge-devtools-view
2023-09-21 15:00:25.721 [info] Added views:~remote.forwardedPorts in ~remote.forwardedPortsContainer
2023-09-21 15:00:26.175 [info] Added views:workbench.panel.repl.view in workbench.panel.repl
2023-09-21 15:00:26.175 [info] Removed views:workbench.debug.breakPointsView,workbench.debug.callStackView,workbench.debug.watchExpressionsView,workbench.debug.variablesView from workbench.view.debug
2023-09-21 15:00:26.206 [info] Added views:workbench.debug.welcome in workbench.view.debug
2023-09-21 15:00:31.247 [info] Added views:workbench.panel.markers.view in workbench.panel.markers
2023-09-21 15:00:31.247 [info] Added views:workbench.panel.output in workbench.panel.output
2023-09-21 15:00:31.247 [info] Added views:terminal in terminal
2023-09-21 15:00:31.247 [info] Added views:outline in workbench.view.explorer
2023-09-21 15:00:31.247 [info] Added views:workbench.scm in workbench.view.scm
2023-09-21 15:00:31.247 [info] Added views:workbench.view.search in workbench.view.search
2023-09-21 15:00:31.247 [info] Added views:timeline in workbench.view.explorer
2023-09-21 15:00:31.247 [info] Added views:workbench.explorer.fileView in workbench.view.explorer
2023-09-21 15:00:32.201 [info] Added views:vscode-edge-devtools-view.targets,vscode-edge-devtools-view.help-links in workbench.view.extension.vscode-edge-devtools-view
2023-09-21 15:00:33.290 [info] Added views:workbench.debug.variablesView,workbench.debug.watchExpressionsView,workbench.debug.callStackView,workbench.debug.breakPointsView in workbench.view.debug
2023-09-21 15:00:33.366 [info] Added views:workbench.panel.repl.view in workbench.panel.repl
2023-09-21 15:00:33.376 [info] Removed views:workbench.debug.breakPointsView,workbench.debug.callStackView,workbench.debug.watchExpressionsView,workbench.debug.variablesView from workbench.view.debug
2023-09-21 15:00:33.377 [info] Added views:workbench.debug.welcome in workbench.view.debug
2023-09-21 15:00:33.950 [info] Added views:~remote.forwardedPorts in ~remote.forwardedPortsContainer
