2023-09-21 15:00:25.436 [info] Extension host with pid 12933 started
2023-09-21 15:00:26.082 [info] ExtensionService#_doActivateExtension vscode.github-authentication, startup: false, activationEvent: 'onAuthenticationRequest:github'
2023-09-21 15:00:27.138 [info] ExtensionService#_doActivateExtension vscode.git-base, startup: true, activationEvent: '*', root cause: vscode.git
2023-09-21 15:00:27.146 [info] ExtensionService#_doActivateExtension oderwat.indent-rainbow, startup: true, activationEvent: '*'
2023-09-21 15:00:27.254 [info] ExtensionService#_doActivateExtension vscode.git, startup: true, activationEvent: '*'
2023-09-21 15:00:27.659 [info] ExtensionService#_doActivateExtension vscode.github, startup: true, activationEvent: '*'
2023-09-21 15:00:28.303 [info] Eager extensions activated
2023-09-21 15:00:28.306 [info] ExtensionService#_doActivateExtension vscode.microsoft-authentication, startup: false, activationEvent: 'onAuthenticationRequest:microsoft'
2023-09-21 15:00:28.430 [info] ExtensionService#_doActivateExtension vscode.debug-auto-launch, startup: false, activationEvent: 'onStartupFinished'
2023-09-21 15:00:28.439 [info] ExtensionService#_doActivateExtension vscode.merge-conflict, startup: false, activationEvent: 'onStartupFinished'
2023-09-21 15:00:28.760 [info] ExtensionService#_doActivateExtension aaron-bond.better-comments, startup: false, activationEvent: 'onStartupFinished'
2023-09-21 15:00:28.871 [info] ExtensionService#_doActivateExtension esbenp.prettier-vscode, startup: false, activationEvent: 'onStartupFinished'
2023-09-21 15:00:29.560 [info] ExtensionService#_doActivateExtension ms-edgedevtools.vscode-edge-devtools, startup: false, activationEvent: 'onStartupFinished'
2023-09-21 15:00:30.060 [info] ExtensionService#_doActivateExtension ritwickdey.LiveServer, startup: false, activationEvent: 'onStartupFinished'
2023-09-21 15:00:30.081 [info] ExtensionService#_doActivateExtension usernamehw.errorlens, startup: false, activationEvent: 'onStartupFinished'
2023-09-21 15:00:30.092 [info] ExtensionService#_doActivateExtension vscode-icons-team.vscode-icons, startup: false, activationEvent: 'onStartupFinished'
2023-09-21 15:00:30.355 [info] Extension host terminating: renderer closed the MessagePort
2023-09-21 15:00:30.434 [error] ProxyResolver#resolveProxy undefined Canceled: Canceled
	at new h (/snap/code/140/usr/share/code/resources/app/out/vs/workbench/api/node/extensionHostProcess.js:107:57382)
	at i.O (/snap/code/140/usr/share/code/resources/app/out/vs/workbench/api/node/extensionHostProcess.js:116:10850)
	at j.<computed>.T.charCodeAt.j.<computed> (/snap/code/140/usr/share/code/resources/app/out/vs/workbench/api/node/extensionHostProcess.js:116:8289)
	at p.resolveProxy (/snap/code/140/usr/share/code/resources/app/out/vs/workbench/api/node/extensionHostProcess.js:117:19663)
	at Object.resolveProxy (/snap/code/140/usr/share/code/resources/app/out/vs/workbench/api/node/extensionHostProcess.js:99:18172)
	at useProxySettings (/snap/code/140/usr/share/code/resources/app/node_modules.asar/@vscode/proxy-agent/out/index.js:165:16)
	at /snap/code/140/usr/share/code/resources/app/node_modules.asar/@vscode/proxy-agent/out/index.js:113:13
	at /snap/code/140/usr/share/code/resources/app/node_modules.asar/@vscode/proxy-agent/out/index.js:450:13 
2023-09-21 15:00:31.525 [error] Canceled (FileSystemError): Canceled
	at k.e (/snap/code/140/usr/share/code/resources/app/out/vs/workbench/api/node/extensionHostProcess.js:109:27846)
	at Object.createDirectory (/snap/code/140/usr/share/code/resources/app/out/vs/workbench/api/node/extensionHostProcess.js:109:24938)
	at async m.n (/snap/code/140/usr/share/code/resources/app/out/vs/workbench/api/node/extensionHostProcess.js:117:1625)
2023-09-21 15:00:31.525 [error] Canceled (FileSystemError): Canceled
	at k.e (/snap/code/140/usr/share/code/resources/app/out/vs/workbench/api/node/extensionHostProcess.js:109:27846)
	at Object.createDirectory (/snap/code/140/usr/share/code/resources/app/out/vs/workbench/api/node/extensionHostProcess.js:109:24938)
	at async m.n (/snap/code/140/usr/share/code/resources/app/out/vs/workbench/api/node/extensionHostProcess.js:117:1625)
2023-09-21 15:00:31.525 [error] Canceled (FileSystemError): Canceled
	at k.e (/snap/code/140/usr/share/code/resources/app/out/vs/workbench/api/node/extensionHostProcess.js:109:27846)
	at Object.createDirectory (/snap/code/140/usr/share/code/resources/app/out/vs/workbench/api/node/extensionHostProcess.js:109:24938)
	at async m.n (/snap/code/140/usr/share/code/resources/app/out/vs/workbench/api/node/extensionHostProcess.js:117:1625)
2023-09-21 15:00:33.159 [info] Extension host with pid 13005 started
2023-09-21 15:00:33.159 [info] Skipping acquiring lock for /home/user/webpages_tech/about-me-lab/~/.vscode-root/User/workspaceStorage/6c3f5e7de99648ec28a0351970e4b9bb.
2023-09-21 15:00:33.386 [info] ExtensionService#_doActivateExtension vscode.git-base, startup: true, activationEvent: '*'
2023-09-21 15:00:33.479 [info] ExtensionService#_doActivateExtension vscode.github, startup: true, activationEvent: '*'
2023-09-21 15:00:33.724 [info] Eager extensions activated
2023-09-21 15:00:33.845 [info] ExtensionService#_doActivateExtension vscode.debug-auto-launch, startup: false, activationEvent: 'onStartupFinished'
2023-09-21 15:00:33.848 [info] ExtensionService#_doActivateExtension vscode.merge-conflict, startup: false, activationEvent: 'onStartupFinished'
2023-09-21 15:00:34.063 [info] ExtensionService#_doActivateExtension esbenp.prettier-vscode, startup: false, activationEvent: 'onStartupFinished'
2023-09-21 15:00:34.521 [info] ExtensionService#_doActivateExtension ms-edgedevtools.vscode-edge-devtools, startup: false, activationEvent: 'onStartupFinished'
2023-09-21 15:00:35.053 [info] ExtensionService#_doActivateExtension vscode-icons-team.vscode-icons, startup: false, activationEvent: 'onStartupFinished'
2023-09-21 15:00:35.374 [info] Extension host with pid 12933 exiting with code 0
2023-09-21 15:00:35.790 [info] ExtensionService#_doActivateExtension vscode.github-authentication, startup: false, activationEvent: 'onAuthenticationRequest:github'
2023-09-21 15:00:36.027 [info] ExtensionService#_doActivateExtension vscode.html-language-features, startup: false, activationEvent: 'onLanguage:html'
2023-09-21 15:00:36.388 [info] ExtensionService#_doActivateExtension vscode.emmet, startup: false, activationEvent: 'onLanguage'
2023-09-21 15:00:39.869 [info] ExtensionService#_doActivateExtension vscode.microsoft-authentication, startup: false, activationEvent: 'onAuthenticationRequest:microsoft'
2023-09-21 15:00:43.068 [info] ExtensionService#_doActivateExtension vscode.git, startup: false, activationEvent: 'api', root cause: vscode.github
2023-09-21 15:00:43.276 [info] ExtensionService#_doActivateExtension aaron-bond.better-comments, startup: false, activationEvent: 'onStartupFinished'
2023-09-21 15:00:43.285 [info] ExtensionService#_doActivateExtension oderwat.indent-rainbow, startup: false, activationEvent: '*'
2023-09-21 15:00:43.294 [info] ExtensionService#_doActivateExtension ritwickdey.LiveServer, startup: false, activationEvent: 'onStartupFinished'
2023-09-21 15:00:43.309 [info] ExtensionService#_doActivateExtension usernamehw.errorlens, startup: false, activationEvent: 'onStartupFinished'
2023-09-21 15:01:12.376 [info] ExtensionService#_doActivateExtension vscode.typescript-language-features, startup: false, activationEvent: 'onLanguage:javascript'
2023-09-21 15:03:34.272 [warning] [Decorations] CAPPING events from decorations provider vscode.git 383
2023-09-21 15:03:39.445 [warning] [Decorations] CAPPING events from decorations provider vscode.git 380
2023-09-21 15:03:44.551 [warning] [Decorations] CAPPING events from decorations provider vscode.git 380
2023-09-21 15:03:49.607 [warning] [Decorations] CAPPING events from decorations provider vscode.git 380
2023-09-21 15:03:54.650 [warning] [Decorations] CAPPING events from decorations provider vscode.git 380
2023-09-21 15:03:59.703 [warning] [Decorations] CAPPING events from decorations provider vscode.git 380
2023-09-21 15:04:05.065 [warning] [Decorations] CAPPING events from decorations provider vscode.git 380
2023-09-21 15:04:10.203 [warning] [Decorations] CAPPING events from decorations provider vscode.git 380
2023-09-21 15:04:15.261 [warning] [Decorations] CAPPING events from decorations provider vscode.git 381
2023-09-21 15:04:20.327 [warning] [Decorations] CAPPING events from decorations provider vscode.git 381
2023-09-21 15:04:25.375 [warning] [Decorations] CAPPING events from decorations provider vscode.git 381
2023-09-21 15:04:30.472 [warning] [Decorations] CAPPING events from decorations provider vscode.git 381
2023-09-21 15:04:35.533 [warning] [Decorations] CAPPING events from decorations provider vscode.git 381
2023-09-21 15:04:40.675 [warning] [Decorations] CAPPING events from decorations provider vscode.git 381
2023-09-21 15:04:45.756 [warning] [Decorations] CAPPING events from decorations provider vscode.git 381
2023-09-21 15:04:50.886 [warning] [Decorations] CAPPING events from decorations provider vscode.git 381
2023-09-21 15:04:55.926 [warning] [Decorations] CAPPING events from decorations provider vscode.git 383
2023-09-21 15:05:00.987 [warning] [Decorations] CAPPING events from decorations provider vscode.git 382
2023-09-21 15:05:06.039 [warning] [Decorations] CAPPING events from decorations provider vscode.git 382
2023-09-21 15:05:41.468 [warning] [Decorations] CAPPING events from decorations provider vscode.git 382
2023-09-21 15:05:46.513 [warning] [Decorations] CAPPING events from decorations provider vscode.git 382
2023-09-21 15:05:51.580 [warning] [Decorations] CAPPING events from decorations provider vscode.git 382
2023-09-21 15:05:56.619 [warning] [Decorations] CAPPING events from decorations provider vscode.git 382
2023-09-21 15:06:01.671 [warning] [Decorations] CAPPING events from decorations provider vscode.git 382
2023-09-21 15:06:06.716 [warning] [Decorations] CAPPING events from decorations provider vscode.git 382
2023-09-21 15:06:11.764 [warning] [Decorations] CAPPING events from decorations provider vscode.git 382
2023-09-21 15:06:16.818 [warning] [Decorations] CAPPING events from decorations provider vscode.git 382
2023-09-21 15:06:21.872 [warning] [Decorations] CAPPING events from decorations provider vscode.git 382
2023-09-21 15:06:26.917 [warning] [Decorations] CAPPING events from decorations provider vscode.git 382
2023-09-21 15:06:31.975 [warning] [Decorations] CAPPING events from decorations provider vscode.git 382
2023-09-21 15:06:37.015 [warning] [Decorations] CAPPING events from decorations provider vscode.git 382
2023-09-21 15:06:42.059 [warning] [Decorations] CAPPING events from decorations provider vscode.git 382
2023-09-21 15:06:47.108 [warning] [Decorations] CAPPING events from decorations provider vscode.git 382
2023-09-21 15:06:52.158 [warning] [Decorations] CAPPING events from decorations provider vscode.git 382
2023-09-21 15:06:57.225 [warning] [Decorations] CAPPING events from decorations provider vscode.git 382
2023-09-21 15:07:02.272 [warning] [Decorations] CAPPING events from decorations provider vscode.git 382
2023-09-21 15:07:07.332 [warning] [Decorations] CAPPING events from decorations provider vscode.git 382
2023-09-21 15:07:12.374 [warning] [Decorations] CAPPING events from decorations provider vscode.git 382
2023-09-21 15:07:17.423 [warning] [Decorations] CAPPING events from decorations provider vscode.git 382
2023-09-21 15:07:22.469 [warning] [Decorations] CAPPING events from decorations provider vscode.git 382
2023-09-21 15:07:27.514 [warning] [Decorations] CAPPING events from decorations provider vscode.git 382
2023-09-21 15:07:32.601 [warning] [Decorations] CAPPING events from decorations provider vscode.git 382
2023-09-21 15:07:37.666 [warning] [Decorations] CAPPING events from decorations provider vscode.git 382
2023-09-21 15:07:42.708 [warning] [Decorations] CAPPING events from decorations provider vscode.git 382
2023-09-21 15:07:47.836 [warning] [Decorations] CAPPING events from decorations provider vscode.git 382
2023-09-21 15:07:52.883 [warning] [Decorations] CAPPING events from decorations provider vscode.git 382
2023-09-21 15:07:57.931 [warning] [Decorations] CAPPING events from decorations provider vscode.git 384
2023-09-21 15:08:02.988 [warning] [Decorations] CAPPING events from decorations provider vscode.git 384
2023-09-21 15:08:13.316 [warning] [Decorations] CAPPING events from decorations provider vscode.git 384
2023-09-21 15:08:18.394 [warning] [Decorations] CAPPING events from decorations provider vscode.git 384
2023-09-21 15:08:23.449 [warning] [Decorations] CAPPING events from decorations provider vscode.git 384
2023-09-21 15:08:28.492 [warning] [Decorations] CAPPING events from decorations provider vscode.git 384
2023-09-21 15:08:33.530 [warning] [Decorations] CAPPING events from decorations provider vscode.git 384
2023-09-21 15:08:38.569 [warning] [Decorations] CAPPING events from decorations provider vscode.git 385
2023-09-21 15:08:54.925 [warning] [Decorations] CAPPING events from decorations provider vscode.git 385
2023-09-21 15:09:00.088 [warning] [Decorations] CAPPING events from decorations provider vscode.git 385
2023-09-21 15:09:05.153 [warning] [Decorations] CAPPING events from decorations provider vscode.git 387
2023-09-21 15:09:10.217 [warning] [Decorations] CAPPING events from decorations provider vscode.git 386
2023-09-21 15:09:15.261 [warning] [Decorations] CAPPING events from decorations provider vscode.git 386
2023-09-21 15:09:20.320 [warning] [Decorations] CAPPING events from decorations provider vscode.git 386
2023-09-21 15:09:25.398 [warning] [Decorations] CAPPING events from decorations provider vscode.git 386
2023-09-21 15:09:30.458 [warning] [Decorations] CAPPING events from decorations provider vscode.git 386
2023-09-21 15:09:35.515 [warning] [Decorations] CAPPING events from decorations provider vscode.git 386
2023-09-21 15:09:40.583 [warning] [Decorations] CAPPING events from decorations provider vscode.git 386
2023-09-21 15:09:45.694 [warning] [Decorations] CAPPING events from decorations provider vscode.git 386
2023-09-21 15:09:50.778 [warning] [Decorations] CAPPING events from decorations provider vscode.git 386
2023-09-21 15:09:55.823 [warning] [Decorations] CAPPING events from decorations provider vscode.git 386
2023-09-21 15:10:00.883 [warning] [Decorations] CAPPING events from decorations provider vscode.git 386
2023-09-21 15:10:05.927 [warning] [Decorations] CAPPING events from decorations provider vscode.git 386
2023-09-21 15:10:10.970 [warning] [Decorations] CAPPING events from decorations provider vscode.git 386
2023-09-21 15:10:16.031 [warning] [Decorations] CAPPING events from decorations provider vscode.git 386
2023-09-21 15:10:21.094 [warning] [Decorations] CAPPING events from decorations provider vscode.git 386
2023-09-21 15:10:26.199 [warning] [Decorations] CAPPING events from decorations provider vscode.git 386
2023-09-21 15:10:31.267 [warning] [Decorations] CAPPING events from decorations provider vscode.git 386
2023-09-21 15:10:36.321 [warning] [Decorations] CAPPING events from decorations provider vscode.git 386
2023-09-21 15:10:41.372 [warning] [Decorations] CAPPING events from decorations provider vscode.git 386
2023-09-21 15:10:46.426 [warning] [Decorations] CAPPING events from decorations provider vscode.git 386
2023-09-21 15:10:51.580 [warning] [Decorations] CAPPING events from decorations provider vscode.git 386
2023-09-21 15:10:56.625 [warning] [Decorations] CAPPING events from decorations provider vscode.git 386
2023-09-21 15:11:01.675 [warning] [Decorations] CAPPING events from decorations provider vscode.git 386
2023-09-21 15:11:06.720 [warning] [Decorations] CAPPING events from decorations provider vscode.git 386
2023-09-21 15:11:11.770 [warning] [Decorations] CAPPING events from decorations provider vscode.git 386
2023-09-21 15:11:16.817 [warning] [Decorations] CAPPING events from decorations provider vscode.git 386
2023-09-21 15:11:21.867 [warning] [Decorations] CAPPING events from decorations provider vscode.git 386
2023-09-21 15:11:26.960 [warning] [Decorations] CAPPING events from decorations provider vscode.git 386
2023-09-21 15:11:32.074 [warning] [Decorations] CAPPING events from decorations provider vscode.git 386
2023-09-21 15:11:37.222 [warning] [Decorations] CAPPING events from decorations provider vscode.git 386
2023-09-21 15:11:42.266 [warning] [Decorations] CAPPING events from decorations provider vscode.git 386
2023-09-21 15:11:47.337 [warning] [Decorations] CAPPING events from decorations provider vscode.git 386
2023-09-21 15:11:52.393 [warning] [Decorations] CAPPING events from decorations provider vscode.git 386
2023-09-21 15:11:57.441 [warning] [Decorations] CAPPING events from decorations provider vscode.git 386
