Error loading "hint" package from "/home/user/webpages_tech/about-me-lab"
Trying to load shared version
Error loading shared "hint" package
Error: Cannot find module 'hint'
Require stack:
- /root/.vscode/extensions/ms-edgedevtools.vscode-edge-devtools-2.1.3/node_modules/vscode-webhint/dist/src/server.js
    at Module._resolveFilename (node:internal/modules/cjs/loader:1129:15)
    at Function.resolve (node:internal/modules/cjs/helpers:116:19)
    at loadPackage (/root/.vscode/extensions/ms-edgedevtools.vscode-edge-devtools-2.1.3/node_modules/vscode-webhint/dist/src/server.js:1:6070)
    at a (/root/.vscode/extensions/ms-edgedevtools.vscode-edge-devtools-2.1.3/node_modules/vscode-webhint/dist/src/server.js:1:8713)
    at t.loadWebhint (/root/.vscode/extensions/ms-edgedevtools.vscode-edge-devtools-2.1.3/node_modules/vscode-webhint/dist/src/server.js:1:9360)
    at t.Analyzer.initWebhint (/root/.vscode/extensions/ms-edgedevtools.vscode-edge-devtools-2.1.3/node_modules/vscode-webhint/dist/src/server.js:1:3292)
    at t.Analyzer.validateTextDocument (/root/.vscode/extensions/ms-edgedevtools.vscode-edge-devtools-2.1.3/node_modules/vscode-webhint/dist/src/server.js:1:3966)
    at /root/.vscode/extensions/ms-edgedevtools.vscode-edge-devtools-2.1.3/node_modules/vscode-webhint/dist/src/server.js:1:147226
    at o.invoke (/root/.vscode/extensions/ms-edgedevtools.vscode-edge-devtools-2.1.3/node_modules/vscode-webhint/dist/src/server.js:1:35810)
    at i.fire (/root/.vscode/extensions/ms-edgedevtools.vscode-edge-devtools-2.1.3/node_modules/vscode-webhint/dist/src/server.js:1:36571) {
  code: 'MODULE_NOT_FOUND',
  requireStack: [
    '/root/.vscode/extensions/ms-edgedevtools.vscode-edge-devtools-2.1.3/node_modules/vscode-webhint/dist/src/server.js'
  ]
}
Unable to install shared webhint instance Error: spawn npm ENOENT
    at ChildProcess._handle.onexit (node:internal/child_process:283:19)
    at onErrorNT (node:internal/child_process:476:16)
    at process.processTicksAndRejections (node:internal/process/task_queues:82:21) {
  errno: -2,
  code: 'ENOENT',
  syscall: 'spawn npm',
  path: 'npm',
  spawnargs: [ 'init', '-y' ]
}
Unable to load shared webhint instance Error: Cannot find module 'hint'
Require stack:
- /root/.vscode/extensions/ms-edgedevtools.vscode-edge-devtools-2.1.3/node_modules/vscode-webhint/dist/src/server.js
    at Module._resolveFilename (node:internal/modules/cjs/loader:1129:15)
    at Function.resolve (node:internal/modules/cjs/helpers:116:19)
    at loadPackage (/root/.vscode/extensions/ms-edgedevtools.vscode-edge-devtools-2.1.3/node_modules/vscode-webhint/dist/src/server.js:1:6070)
    at a (/root/.vscode/extensions/ms-edgedevtools.vscode-edge-devtools-2.1.3/node_modules/vscode-webhint/dist/src/server.js:1:9055)
    at process.processTicksAndRejections (node:internal/process/task_queues:95:5)
    at async t.Analyzer.initWebhint (/root/.vscode/extensions/ms-edgedevtools.vscode-edge-devtools-2.1.3/node_modules/vscode-webhint/dist/src/server.js:1:3270)
    at async t.Analyzer.validateTextDocument (/root/.vscode/extensions/ms-edgedevtools.vscode-edge-devtools-2.1.3/node_modules/vscode-webhint/dist/src/server.js:1:3955)
    at async /root/.vscode/extensions/ms-edgedevtools.vscode-edge-devtools-2.1.3/node_modules/vscode-webhint/dist/src/server.js:1:147218 {
  code: 'MODULE_NOT_FOUND',
  requireStack: [
    '/root/.vscode/extensions/ms-edgedevtools.vscode-edge-devtools-2.1.3/node_modules/vscode-webhint/dist/src/server.js'
  ]
}
Installing shared version of "hint"
